Arguments: 
  /Users/macbook/.nvm/versions/node/v16.18.1/bin/node /Users/macbook/.nvm/versions/node/v16.18.1/bin/yarn add @mobiscroll/react

PATH: 
  /Users/macbook/.nvm/versions/node/v16.18.1/bin:/usr/local/bin:/usr/bin:/bin:/usr/sbin:/sbin

Yarn version: 
  1.22.19

Node version: 
  16.18.1

Platform: 
  darwin x64

Trace: 
  Error: https://registry.yarnpkg.com/@mobiscroll%2freact: Not found
      at Request.params.callback [as _callback] (/Users/macbook/.nvm/versions/node/v16.18.1/lib/node_modules/yarn/lib/cli.js:66145:18)
      at Request.self.callback (/Users/macbook/.nvm/versions/node/v16.18.1/lib/node_modules/yarn/lib/cli.js:140890:22)
      at Request.emit (node:events:513:28)
      at Request.<anonymous> (/Users/macbook/.nvm/versions/node/v16.18.1/lib/node_modules/yarn/lib/cli.js:141862:10)
      at Request.emit (node:events:513:28)
      at IncomingMessage.<anonymous> (/Users/macbook/.nvm/versions/node/v16.18.1/lib/node_modules/yarn/lib/cli.js:141784:12)
      at Object.onceWrapper (node:events:627:28)
      at IncomingMessage.emit (node:events:525:35)
      at endReadableNT (node:internal/streams/readable:1358:12)
      at processTicksAndRejections (node:internal/process/task_queues:83:21)

npm manifest: 
  No manifest

yarn manifest: 
  No manifest

Lockfile: 
  # THIS IS AN AUTOGENERATED FILE. DO NOT EDIT THIS FILE DIRECTLY.
  # yarn lockfile v1
